<?xml version="1.0" encoding="UTF-8"?>
<!-- Generated by org.testng.reporters.JUnitReportReporter -->
<testsuite hostname="PRFT-17190" failures="0" tests="1" name="xboxtestcases.xboxVerifyLeaderboard" time="2.818" errors="0" timestamp="3 Mar 2022 17:10:39 GMT">
  <testcase classname="xboxtestcases.xboxVerifyLeaderboard" name="open" time="2.818"/>
</testsuite> <!-- xboxtestcases.xboxVerifyLeaderboard -->
