<?xml version="1.0" encoding="UTF-8"?>
<!-- Generated by org.testng.reporters.JUnitReportReporter -->
<testsuite hostname="PRFT-17190" failures="0" tests="1" name="xboxbasepages.test1" time="2.385" errors="0" timestamp="28 Feb 2022 16:15:40 GMT">
  <testcase classname="xboxbasepages.test1" name="checkGamerScore" time="2.385"/>
</testsuite> <!-- xboxbasepages.test1 -->
